2023-10-02 19:40:08,894.price-producer.INFO ==================================================
2023-10-02 19:40:08,894.price-producer.INFO Today is 2023-10-02 at 07:40 PM
2023-10-02 19:40:08,894.price-producer.INFO Running on: posix Darwin 22.5.0
2023-10-02 19:40:08,894.price-producer.INFO Python version:  3.11.2
2023-10-02 19:40:08,894.price-producer.INFO Python path: /Users/macbeth/Documents/Streaming Data/Module 7/streaming-07-gold-silver-prices/.venv
2023-10-02 19:40:08,894.price-producer.INFO Working dir: /Users/macbeth/Documents/Streaming Data/Module 7/streaming-07-gold-silver-prices
2023-10-02 19:40:08,894.price-producer.INFO ==================================================
2023-10-02 19:40:10,423.price-producer.INFO Offer to monitor RabbitMQ queues.
2023-10-02 19:40:10,588.price-producer.INFO Answer is y.
2023-10-02 19:40:10,641.price-producer.INFO Skipped header row
2023-10-02 19:40:10,641.price-producer.INFO [x] Sent ('8/19/13', '1377.1') to 01-gold
2023-10-02 19:40:10,641.price-producer.INFO [x] Sent ('8/19/13', '23.33') to 02-silver
2023-10-02 19:40:40,649.price-producer.INFO [x] Sent ('8/20/13', '1364.9') to 01-gold
2023-10-02 19:40:40,650.price-producer.INFO [x] Sent ('8/20/13', '23.2') to 02-silver
2023-10-02 19:41:10,657.price-producer.INFO [x] Sent ('8/21/13', '1371') to 01-gold
2023-10-02 19:41:10,658.price-producer.INFO [x] Sent ('8/21/13', '23.02') to 02-silver
2023-10-02 19:41:40,663.price-producer.INFO [x] Sent ('8/22/13', '1365.6') to 01-gold
2023-10-02 19:41:40,664.price-producer.INFO [x] Sent ('8/22/13', '22.92') to 02-silver
2023-10-02 19:42:10,670.price-producer.INFO [x] Sent ('8/23/13', '1376.1') to 01-gold
2023-10-02 19:42:10,671.price-producer.INFO [x] Sent ('8/23/13', '23.235') to 02-silver
2023-10-02 19:42:40,677.price-producer.INFO [x] Sent ('8/26/13', '1394.8') to 01-gold
2023-10-02 19:42:40,679.price-producer.INFO [x] Sent ('8/26/13', '24.02') to 02-silver
2023-10-02 19:43:10,685.price-producer.INFO [x] Sent ('8/27/13', '1419') to 01-gold
2023-10-02 19:43:10,687.price-producer.INFO [x] Sent ('8/27/13', '24.4') to 02-silver
2023-10-02 19:43:40,694.price-producer.INFO [x] Sent ('8/28/13', '1423') to 01-gold
2023-10-02 19:43:40,695.price-producer.INFO [x] Sent ('8/28/13', '24.55') to 02-silver
2023-10-02 19:44:10,701.price-producer.INFO [x] Sent ('8/29/13', '1418.2') to 01-gold
2023-10-02 19:44:10,702.price-producer.INFO [x] Sent ('8/29/13', '23.97') to 02-silver
2023-10-02 19:44:40,709.price-producer.INFO [x] Sent ('8/30/13', '1407.5') to 01-gold
2023-10-02 19:44:40,710.price-producer.INFO [x] Sent ('8/30/13', '23.895') to 02-silver
2023-10-02 19:45:10,716.price-producer.INFO [x] Sent ('9/2/13', '1396.1') to 01-gold
2023-10-02 19:45:10,717.price-producer.INFO [x] Sent ('9/2/13', '23.513') to 02-silver
2023-10-02 19:45:40,727.price-producer.INFO [x] Sent ('9/3/13', '1392') to 01-gold
2023-10-02 19:45:40,729.price-producer.INFO [x] Sent ('9/3/13', '24.365') to 02-silver
2023-10-02 19:46:10,735.price-producer.INFO [x] Sent ('9/4/13', '1411.6') to 01-gold
2023-10-02 19:46:10,736.price-producer.INFO [x] Sent ('9/4/13', '24.325') to 02-silver
2023-10-02 19:46:40,740.price-producer.INFO [x] Sent ('9/5/13', '1391.2') to 01-gold
2023-10-02 19:46:40,742.price-producer.INFO [x] Sent ('9/5/13', '23.51') to 02-silver
2023-10-02 19:47:10,748.price-producer.INFO [x] Sent ('9/6/13', '1366.7') to 01-gold
2023-10-02 19:47:10,749.price-producer.INFO [x] Sent ('9/6/13', '23.875') to 02-silver
2023-10-02 19:47:40,755.price-producer.INFO [x] Sent ('9/9/13', '1391.1') to 01-gold
2023-10-02 19:47:40,757.price-producer.INFO [x] Sent ('9/9/13', '23.835') to 02-silver
2023-10-02 19:48:10,762.price-producer.INFO [x] Sent ('9/10/13', '1387.1') to 01-gold
2023-10-02 19:48:10,762.price-producer.INFO [x] Sent ('9/10/13', '23.74') to 02-silver
2023-10-02 19:48:40,769.price-producer.INFO [x] Sent ('9/11/13', '1364.2') to 01-gold
2023-10-02 19:48:40,769.price-producer.INFO [x] Sent ('9/11/13', '22.985') to 02-silver
2023-10-02 19:49:10,776.price-producer.INFO [x] Sent ('9/12/13', '1329.8') to 01-gold
2023-10-02 19:49:10,776.price-producer.INFO [x] Sent ('9/12/13', '23.22') to 02-silver
2023-10-02 19:49:40,782.price-producer.INFO [x] Sent ('9/13/13', '1318') to 01-gold
2023-10-02 19:49:40,783.price-producer.INFO [x] Sent ('9/13/13', '21.88') to 02-silver
2023-10-02 19:50:10,789.price-producer.INFO [x] Sent ('9/16/13', '1333.5') to 01-gold
2023-10-02 19:50:10,790.price-producer.INFO [x] Sent ('9/16/13', '22.3') to 02-silver
2023-10-02 19:50:40,796.price-producer.INFO [x] Sent ('9/17/13', '1313.6') to 01-gold
2023-10-02 19:50:40,797.price-producer.INFO [x] Sent ('9/17/13', '21.83') to 02-silver
2023-10-02 19:51:10,804.price-producer.INFO [x] Sent ('9/18/13', '1294') to 01-gold
2023-10-02 19:51:10,804.price-producer.INFO [x] Sent ('9/18/13', '21.77') to 02-silver
2023-10-02 19:51:40,811.price-producer.INFO [x] Sent ('9/19/13', '1370.2') to 01-gold
2023-10-02 19:51:40,811.price-producer.INFO [x] Sent ('9/19/13', '22.965') to 02-silver
2023-10-02 19:52:10,818.price-producer.INFO [x] Sent ('9/20/13', '1366.2') to 01-gold
2023-10-02 19:52:10,818.price-producer.INFO [x] Sent ('9/20/13', '23.08') to 02-silver
2023-10-02 19:52:40,820.price-producer.INFO [x] Sent ('9/23/13', '1327') to 01-gold
2023-10-02 19:52:40,821.price-producer.INFO [x] Sent ('9/23/13', '21.857') to 02-silver
2023-10-02 19:53:10,827.price-producer.INFO [x] Sent ('9/24/13', '1321.5') to 01-gold
2023-10-02 19:53:10,828.price-producer.INFO [x] Sent ('9/24/13', '21.586') to 02-silver
2023-10-02 19:53:40,834.price-producer.INFO [x] Sent ('9/25/13', '1323.5') to 01-gold
2023-10-02 19:53:40,835.price-producer.INFO [x] Sent ('9/25/13', '21.886') to 02-silver
2023-10-02 19:54:10,841.price-producer.INFO [x] Sent ('9/26/13', '1333.1') to 01-gold
2023-10-02 19:54:10,842.price-producer.INFO [x] Sent ('9/26/13', '21.805') to 02-silver
2023-10-02 19:54:40,848.price-producer.INFO [x] Sent ('9/27/13', '1323.7') to 01-gold
2023-10-02 19:54:40,849.price-producer.INFO [x] Sent ('9/27/13', '21.73') to 02-silver
2023-10-02 19:55:10,854.price-producer.INFO [x] Sent ('9/30/13', '1327.3') to 01-gold
2023-10-02 19:55:10,855.price-producer.INFO [x] Sent ('9/30/13', '21.71') to 02-silver
2023-10-02 19:55:40,862.price-producer.INFO [x] Sent ('10/1/13', '1328.2') to 01-gold
2023-10-02 19:55:40,864.price-producer.INFO [x] Sent ('10/1/13', '21.7') to 02-silver
2023-10-02 19:56:10,870.price-producer.INFO [x] Sent ('10/2/13', '1287.5') to 01-gold
2023-10-02 19:56:10,872.price-producer.INFO [x] Sent ('10/2/13', '21.897') to 02-silver
2023-10-02 19:56:40,877.price-producer.INFO [x] Sent ('10/3/13', '1316.5') to 01-gold
2023-10-02 19:56:40,877.price-producer.INFO [x] Sent ('10/3/13', '21.786') to 02-silver
2023-10-02 19:57:10,880.price-producer.INFO [x] Sent ('10/4/13', '1317.4') to 01-gold
2023-10-02 19:57:10,882.price-producer.INFO [x] Sent ('10/4/13', '21.735') to 02-silver
2023-10-02 19:57:40,888.price-producer.INFO [x] Sent ('10/7/13', '1312.3') to 01-gold
2023-10-02 19:57:40,890.price-producer.INFO [x] Sent ('10/7/13', '22.386') to 02-silver
2023-10-02 19:58:10,897.price-producer.INFO [x] Sent ('10/8/13', '1319.7') to 01-gold
2023-10-02 19:58:10,897.price-producer.INFO [x] Sent ('10/8/13', '22.385') to 02-silver
2023-10-02 19:58:40,903.price-producer.INFO [x] Sent ('10/9/13', '1304.5') to 01-gold
2023-10-02 19:58:40,905.price-producer.INFO [x] Sent ('10/9/13', '22.315') to 02-silver
2023-10-02 19:59:10,907.price-producer.INFO [x] Sent ('10/10/13', '1307') to 01-gold
2023-10-02 19:59:10,907.price-producer.INFO [x] Sent ('10/10/13', '21.91') to 02-silver
2023-10-02 19:59:40,912.price-producer.INFO [x] Sent ('10/11/13', '1268') to 01-gold
2023-10-02 19:59:40,912.price-producer.INFO [x] Sent ('10/11/13', '21.685') to 02-silver
2023-10-02 20:00:10,942.price-producer.INFO [x] Sent ('10/14/13', '1275.5') to 01-gold
2023-10-02 20:00:10,943.price-producer.INFO [x] Sent ('10/14/13', '21.39') to 02-silver
2023-10-02 20:00:40,954.price-producer.INFO [x] Sent ('10/15/13', '1273.6') to 01-gold
2023-10-02 20:00:40,954.price-producer.INFO [x] Sent ('10/15/13', '21.29') to 02-silver
2023-10-02 20:01:10,960.price-producer.INFO [x] Sent ('10/16/13', '1281.4') to 01-gold
2023-10-02 20:01:10,963.price-producer.INFO [x] Sent ('10/16/13', '21.365') to 02-silver
2023-10-02 20:01:40,969.price-producer.INFO [x] Sent ('10/17/13', '1314') to 01-gold
2023-10-02 20:01:40,970.price-producer.INFO [x] Sent ('10/17/13', '21.947') to 02-silver
2023-10-02 20:02:10,977.price-producer.INFO [x] Sent ('10/18/13', '1318.8') to 01-gold
2023-10-02 20:02:10,977.price-producer.INFO [x] Sent ('10/18/13', '21.905') to 02-silver
2023-10-02 20:02:40,984.price-producer.INFO [x] Sent ('10/21/13', '1316') to 01-gold
2023-10-02 20:02:40,984.price-producer.INFO [x] Sent ('10/21/13', '21.91') to 02-silver
2023-10-02 20:03:10,991.price-producer.INFO [x] Sent ('10/22/13', '1315.5') to 01-gold
2023-10-02 20:03:10,991.price-producer.INFO [x] Sent ('10/22/13', '22.22') to 02-silver
2023-10-02 20:03:40,998.price-producer.INFO [x] Sent ('10/23/13', '1340.1') to 01-gold
2023-10-02 20:03:40,999.price-producer.INFO [x] Sent ('10/23/13', '22.72') to 02-silver
2023-10-02 20:04:11,005.price-producer.INFO [x] Sent ('10/24/13', '1332.5') to 01-gold
2023-10-02 20:04:11,007.price-producer.INFO [x] Sent ('10/24/13', '22.545') to 02-silver
2023-10-02 20:04:41,014.price-producer.INFO [x] Sent ('10/25/13', '1346.9') to 01-gold
2023-10-02 20:04:41,015.price-producer.INFO [x] Sent ('10/25/13', '22.73') to 02-silver
2023-10-02 20:05:11,022.price-producer.INFO [x] Sent ('10/28/13', '1352.7') to 01-gold
2023-10-02 20:05:11,024.price-producer.INFO [x] Sent ('10/28/13', '22.59') to 02-silver
2023-10-02 20:05:41,030.price-producer.INFO [x] Sent ('10/29/13', '1352.6') to 01-gold
2023-10-02 20:05:41,032.price-producer.INFO [x] Sent ('10/29/13', '22.525') to 02-silver
2023-10-02 20:06:11,038.price-producer.INFO [x] Sent ('10/30/13', '1343.1') to 01-gold
2023-10-02 20:06:11,039.price-producer.INFO [x] Sent ('10/30/13', '22.68') to 02-silver
2023-10-02 20:06:41,046.price-producer.INFO [x] Sent ('10/31/13', '1341.7') to 01-gold
2023-10-02 20:06:41,046.price-producer.INFO [x] Sent ('10/31/13', '22.68') to 02-silver
2023-10-02 20:07:11,053.price-producer.INFO [x] Sent ('11/1/13', '1323.1') to 01-gold
2023-10-02 20:07:11,054.price-producer.INFO [x] Sent ('11/1/13', '21.895') to 02-silver
2023-10-02 20:07:41,057.price-producer.INFO [x] Sent ('11/4/13', '1313') to 01-gold
2023-10-02 20:07:41,058.price-producer.INFO [x] Sent ('11/4/13', '21.87') to 02-silver
2023-10-02 20:08:11,065.price-producer.INFO [x] Sent ('11/5/13', '1313.9') to 01-gold
2023-10-02 20:08:11,066.price-producer.INFO [x] Sent ('11/5/13', '21.645') to 02-silver
2023-10-02 20:08:41,068.price-producer.INFO [x] Sent ('11/6/13', '1312.3') to 01-gold
2023-10-02 20:08:41,069.price-producer.INFO [x] Sent ('11/6/13', '21.685') to 02-silver
2023-10-02 20:09:11,075.price-producer.INFO [x] Sent ('11/7/13', '1317.5') to 01-gold
2023-10-02 20:09:11,076.price-producer.INFO [x] Sent ('11/7/13', '21.815') to 02-silver
2023-10-02 20:09:41,083.price-producer.INFO [x] Sent ('11/8/13', '1307.8') to 01-gold
2023-10-02 20:09:41,084.price-producer.INFO [x] Sent ('11/8/13', '21.66') to 02-silver
2023-10-02 20:10:11,090.price-producer.INFO [x] Sent ('11/11/13', '1288.3') to 01-gold
2023-10-02 20:10:11,091.price-producer.INFO [x] Sent ('11/11/13', '21.425') to 02-silver
2023-10-02 20:10:41,100.price-producer.INFO [x] Sent ('11/12/13', '1281.4') to 01-gold
2023-10-02 20:10:41,101.price-producer.INFO [x] Sent ('11/12/13', '21.345') to 02-silver
2023-10-02 20:11:11,113.price-producer.INFO [x] Sent ('11/13/13', '1265.3') to 01-gold
2023-10-02 20:11:11,113.price-producer.INFO [x] Sent ('11/13/13', '20.7') to 02-silver
2023-10-02 20:11:41,125.price-producer.INFO [x] Sent ('11/14/13', '1281.4') to 01-gold
2023-10-02 20:11:41,126.price-producer.INFO [x] Sent ('11/14/13', '20.595') to 02-silver
2023-10-02 20:12:11,129.price-producer.INFO [x] Sent ('11/15/13', '1287') to 01-gold
2023-10-02 20:12:11,131.price-producer.INFO [x] Sent ('11/15/13', '20.755') to 02-silver
2023-10-02 20:12:41,138.price-producer.INFO [x] Sent ('11/18/13', '1288.9') to 01-gold
2023-10-02 20:12:41,138.price-producer.INFO [x] Sent ('11/18/13', '20.775') to 02-silver
2023-10-02 20:13:11,145.price-producer.INFO [x] Sent ('11/19/13', '1275') to 01-gold
2023-10-02 20:13:11,146.price-producer.INFO [x] Sent ('11/19/13', '20.395') to 02-silver
2023-10-02 20:13:41,152.price-producer.INFO [x] Sent ('11/20/13', '1249.4') to 01-gold
2023-10-02 20:13:41,154.price-producer.INFO [x] Sent ('11/20/13', '20.345') to 02-silver
2023-10-02 20:14:11,158.price-producer.INFO [x] Sent ('11/21/13', '1241.8') to 01-gold
2023-10-02 20:14:11,159.price-producer.INFO [x] Sent ('11/21/13', '19.925') to 02-silver
2023-10-02 20:14:41,165.price-producer.INFO [x] Sent ('11/22/13', '1242.3') to 01-gold
2023-10-02 20:14:41,166.price-producer.INFO [x] Sent ('11/22/13', '20.02') to 02-silver
2023-10-02 20:15:11,173.price-producer.INFO [x] Sent ('11/25/13', '1230.8') to 01-gold
2023-10-02 20:15:11,173.price-producer.INFO [x] Sent ('11/25/13', '19.895') to 02-silver
2023-10-02 20:15:41,179.price-producer.INFO [x] Sent ('11/26/13', '1249.5') to 01-gold
2023-10-02 20:15:41,180.price-producer.INFO [x] Sent ('11/26/13', '20.22') to 02-silver
2023-10-02 20:16:11,186.price-producer.INFO [x] Sent ('11/27/13', '1241.1') to 01-gold
2023-10-02 20:16:11,187.price-producer.INFO [x] Sent ('11/27/13', '19.87') to 02-silver
2023-10-02 20:16:41,194.price-producer.INFO [x] Sent ('11/28/13', '1237.9') to 01-gold
2023-10-02 20:16:41,195.price-producer.INFO [x] Sent ('11/28/13', '19.682') to 02-silver
2023-10-02 20:17:11,202.price-producer.INFO [x] Sent ('11/29/13', '1244.6') to 01-gold
2023-10-02 20:17:11,203.price-producer.INFO [x] Sent ('11/29/13', '19.74') to 02-silver
2023-10-02 20:17:41,212.price-producer.INFO [x] Sent ('12/2/13', '1250.6') to 01-gold
2023-10-02 20:17:41,213.price-producer.INFO [x] Sent ('12/2/13', '19.99') to 02-silver
2023-10-02 20:18:11,222.price-producer.INFO [x] Sent ('12/3/13', '1219.5') to 01-gold
2023-10-02 20:18:11,223.price-producer.INFO [x] Sent ('12/3/13', '19.17') to 02-silver
2023-10-02 20:18:41,234.price-producer.INFO [x] Sent ('12/4/13', '1245') to 01-gold
2023-10-02 20:18:41,236.price-producer.INFO [x] Sent ('12/4/13', '19.1') to 02-silver
2023-10-02 20:19:11,242.price-producer.INFO [x] Sent ('12/5/13', '1243.1') to 01-gold
2023-10-02 20:19:11,244.price-producer.INFO [x] Sent ('12/5/13', '19.675') to 02-silver
2023-10-02 20:19:41,250.price-producer.INFO [x] Sent ('12/6/13', '1225') to 01-gold
2023-10-02 20:19:41,251.price-producer.INFO [x] Sent ('12/6/13', '19.4') to 02-silver
2023-10-02 20:20:11,256.price-producer.INFO [x] Sent ('12/9/13', '1229.9') to 01-gold
2023-10-02 20:20:11,257.price-producer.INFO [x] Sent ('12/9/13', '19.555') to 02-silver
2023-10-02 20:20:41,263.price-producer.INFO [x] Sent ('12/10/13', '1260') to 01-gold
2023-10-02 20:20:41,267.price-producer.INFO [x] Sent ('12/10/13', '19.8') to 02-silver
2023-10-02 20:21:11,269.price-producer.INFO [x] Sent ('12/11/13', '1261') to 01-gold
2023-10-02 20:21:11,271.price-producer.INFO [x] Sent ('12/11/13', '20.385') to 02-silver
2023-10-02 20:21:41,273.price-producer.INFO [x] Sent ('12/12/13', '1252.3') to 01-gold
2023-10-02 20:21:41,274.price-producer.INFO [x] Sent ('12/12/13', '20.305') to 02-silver
2023-10-02 20:22:11,279.price-producer.INFO [x] Sent ('12/13/13', '1226.1') to 01-gold
2023-10-02 20:22:11,280.price-producer.INFO [x] Sent ('12/13/13', '19.475') to 02-silver
2023-10-02 20:22:41,287.price-producer.INFO [x] Sent ('12/16/13', '1237.3') to 01-gold
2023-10-02 20:22:41,288.price-producer.INFO [x] Sent ('12/16/13', '19.655') to 02-silver
2023-10-02 20:23:11,290.price-producer.INFO [x] Sent ('12/17/13', '1239.5') to 01-gold
2023-10-02 20:23:11,291.price-producer.INFO [x] Sent ('12/17/13', '19.975') to 02-silver
2023-10-02 20:23:41,297.price-producer.INFO [x] Sent ('12/18/13', '1218.4') to 01-gold
2023-10-02 20:23:41,298.price-producer.INFO [x] Sent ('12/18/13', '19.735') to 02-silver
2023-10-02 20:24:11,304.price-producer.INFO [x] Sent ('12/19/13', '1217.8') to 01-gold
2023-10-02 20:24:11,305.price-producer.INFO [x] Sent ('12/19/13', '19.71') to 02-silver
2023-10-02 20:24:41,312.price-producer.INFO [x] Sent ('12/20/13', '1188.8') to 01-gold
2023-10-02 20:24:41,312.price-producer.INFO [x] Sent ('12/20/13', '19.205') to 02-silver
2023-10-02 20:25:11,319.price-producer.INFO [x] Sent ('12/23/13', '1202.5') to 01-gold
2023-10-02 20:25:11,320.price-producer.INFO [x] Sent ('12/23/13', '19.42') to 02-silver
2023-10-02 20:25:41,326.price-producer.INFO [x] Sent ('12/24/13', '1197.8') to 01-gold
2023-10-02 20:25:41,327.price-producer.INFO [x] Sent ('12/24/13', '19.43') to 02-silver
2023-10-02 20:26:11,333.price-producer.INFO [x] Sent ('12/25/13', '1203.3') to 01-gold
2023-10-02 20:26:11,334.price-producer.INFO [x] Sent ('12/25/13', '19.484') to 02-silver
2023-10-02 20:26:41,341.price-producer.INFO [x] Sent ('12/26/13', '1203.8') to 01-gold
2023-10-02 20:26:41,343.price-producer.INFO [x] Sent ('12/26/13', '19.48') to 02-silver
2023-10-02 20:27:11,348.price-producer.INFO [x] Sent ('12/27/13', '1210.9') to 01-gold
2023-10-02 20:27:11,348.price-producer.INFO [x] Sent ('12/27/13', '19.8') to 02-silver
2023-10-02 20:27:41,354.price-producer.INFO [x] Sent ('12/30/13', '1213.8') to 01-gold
2023-10-02 20:27:41,355.price-producer.INFO [x] Sent ('12/30/13', '20.095') to 02-silver
2023-10-02 20:28:11,368.price-producer.INFO [x] Sent ('12/31/13', '1197.4') to 01-gold
2023-10-02 20:28:11,370.price-producer.INFO [x] Sent ('12/31/13', '18.735') to 02-silver
2023-10-02 20:28:41,375.price-producer.INFO [x] Sent ('1/1/14', '1202.3') to 01-gold
2023-10-02 20:28:41,376.price-producer.INFO [x] Sent ('1/1/14', '19.37') to 02-silver
2023-10-02 20:29:11,378.price-producer.INFO [x] Sent ('1/2/14', '1226.5') to 01-gold
2023-10-02 20:29:11,379.price-producer.INFO [x] Sent ('1/2/14', '19.44') to 02-silver
2023-10-02 20:29:41,390.price-producer.INFO [x] Sent ('1/3/14', '1222.3') to 01-gold
2023-10-02 20:29:41,391.price-producer.INFO [x] Sent ('1/3/14', '20.015') to 02-silver
2023-10-02 20:30:11,409.price-producer.INFO [x] Sent ('1/6/14', '1237.4') to 01-gold
2023-10-02 20:30:11,411.price-producer.INFO [x] Sent ('1/6/14', '20.135') to 02-silver
2023-10-02 20:30:41,423.price-producer.INFO [x] Sent ('1/7/14', '1237') to 01-gold
2023-10-02 20:30:41,424.price-producer.INFO [x] Sent ('1/7/14', '20.18') to 02-silver
2023-10-02 20:31:11,433.price-producer.INFO [x] Sent ('1/8/14', '1231') to 01-gold
2023-10-02 20:31:11,434.price-producer.INFO [x] Sent ('1/8/14', '19.83') to 02-silver
2023-10-02 20:31:41,445.price-producer.INFO [x] Sent ('1/9/14', '1224.9') to 01-gold
2023-10-02 20:31:41,446.price-producer.INFO [x] Sent ('1/9/14', '19.525') to 02-silver
2023-10-02 20:32:11,454.price-producer.INFO [x] Sent ('1/10/14', '1227.1') to 01-gold
2023-10-02 20:32:11,455.price-producer.INFO [x] Sent ('1/10/14', '19.55') to 02-silver
2023-10-02 20:32:41,458.price-producer.INFO [x] Sent ('1/13/14', '1247.7') to 01-gold
2023-10-02 20:32:41,458.price-producer.INFO [x] Sent ('1/13/14', '20.19') to 02-silver
2023-10-02 20:33:11,468.price-producer.INFO [x] Sent ('1/14/14', '1252.7') to 01-gold
2023-10-02 20:33:11,469.price-producer.INFO [x] Sent ('1/14/14', '20.39') to 02-silver
2023-10-02 20:33:41,480.price-producer.INFO [x] Sent ('1/15/14', '1244.3') to 01-gold
2023-10-02 20:33:41,482.price-producer.INFO [x] Sent ('1/15/14', '20.255') to 02-silver
2023-10-02 20:34:11,496.price-producer.INFO [x] Sent ('1/16/14', '1241.8') to 01-gold
2023-10-02 20:34:11,496.price-producer.INFO [x] Sent ('1/16/14', '20.21') to 02-silver
2023-10-02 20:34:41,508.price-producer.INFO [x] Sent ('1/17/14', '1241.7') to 01-gold
2023-10-02 20:34:41,509.price-producer.INFO [x] Sent ('1/17/14', '20.1') to 02-silver
2023-10-02 20:35:11,514.price-producer.INFO [x] Sent ('1/20/14', '1251.9') to 01-gold
2023-10-02 20:35:11,514.price-producer.INFO [x] Sent ('1/20/14', '20.304') to 02-silver
2023-10-02 20:35:41,521.price-producer.INFO [x] Sent ('1/21/14', '1254.1') to 01-gold
2023-10-02 20:35:41,523.price-producer.INFO [x] Sent ('1/21/14', '20.305') to 02-silver
2023-10-02 20:36:11,529.price-producer.INFO [x] Sent ('1/22/14', '1240.5') to 01-gold
2023-10-02 20:36:11,530.price-producer.INFO [x] Sent ('1/22/14', '19.875') to 02-silver
2023-10-02 20:36:41,537.price-producer.INFO [x] Sent ('1/23/14', '1235.1') to 01-gold
2023-10-02 20:36:41,537.price-producer.INFO [x] Sent ('1/23/14', '19.775') to 02-silver
2023-10-02 20:37:11,544.price-producer.INFO [x] Sent ('1/24/14', '1264.3') to 01-gold
2023-10-02 20:37:11,545.price-producer.INFO [x] Sent ('1/24/14', '20') to 02-silver
2023-10-02 20:37:41,549.price-producer.INFO [x] Sent ('1/27/14', '1269.9') to 01-gold
2023-10-02 20:37:41,550.price-producer.INFO [x] Sent ('1/27/14', '19.97') to 02-silver
2023-10-02 20:38:11,553.price-producer.INFO [x] Sent ('1/28/14', '1254.9') to 01-gold
2023-10-02 20:38:11,554.price-producer.INFO [x] Sent ('1/28/14', '19.665') to 02-silver
2023-10-02 20:38:41,561.price-producer.INFO [x] Sent ('1/29/14', '1255.8') to 01-gold
2023-10-02 20:38:41,561.price-producer.INFO [x] Sent ('1/29/14', '19.57') to 02-silver
2023-10-02 20:39:11,567.price-producer.INFO [x] Sent ('1/30/14', '1267.2') to 01-gold
2023-10-02 20:39:11,568.price-producer.INFO [x] Sent ('1/30/14', '19.725') to 02-silver
2023-10-02 20:39:41,574.price-producer.INFO [x] Sent ('1/31/14', '1244') to 01-gold
2023-10-02 20:39:41,575.price-producer.INFO [x] Sent ('1/31/14', '19.13') to 02-silver
2023-10-02 20:40:11,586.price-producer.INFO [x] Sent ('2/3/14', '1242') to 01-gold
2023-10-02 20:40:11,587.price-producer.INFO [x] Sent ('2/3/14', '19.095') to 02-silver
2023-10-02 20:40:41,593.price-producer.INFO [x] Sent ('2/4/14', '1257.9') to 01-gold
2023-10-02 20:40:41,595.price-producer.INFO [x] Sent ('2/4/14', '19.345') to 02-silver
2023-10-02 20:41:11,606.price-producer.INFO [x] Sent ('2/5/14', '1254.2') to 01-gold
2023-10-02 20:41:11,607.price-producer.INFO [x] Sent ('2/5/14', '19.48') to 02-silver
2023-10-02 20:41:41,617.price-producer.INFO [x] Sent ('2/6/14', '1257.7') to 01-gold
2023-10-02 20:41:41,618.price-producer.INFO [x] Sent ('2/6/14', '19.885') to 02-silver
2023-10-02 20:42:11,629.price-producer.INFO [x] Sent ('2/7/14', '1256.9') to 01-gold
2023-10-02 20:42:11,630.price-producer.INFO [x] Sent ('2/7/14', '19.93') to 02-silver
2023-10-02 20:42:41,641.price-producer.INFO [x] Sent ('2/10/14', '1265.4') to 01-gold
2023-10-02 20:42:41,642.price-producer.INFO [x] Sent ('2/10/14', '19.97') to 02-silver
2023-10-02 20:43:11,654.price-producer.INFO [x] Sent ('2/11/14', '1274.2') to 01-gold
2023-10-02 20:43:11,655.price-producer.INFO [x] Sent ('2/11/14', '20.055') to 02-silver
2023-10-02 20:43:41,659.price-producer.INFO [x] Sent ('2/12/14', '1290.1') to 01-gold
2023-10-02 20:43:41,659.price-producer.INFO [x] Sent ('2/12/14', '20.22') to 02-silver
2023-10-02 20:44:11,665.price-producer.INFO [x] Sent ('2/13/14', '1290.8') to 01-gold
2023-10-02 20:44:11,665.price-producer.INFO [x] Sent ('2/13/14', '20.22') to 02-silver
2023-10-02 20:44:41,670.price-producer.INFO [x] Sent ('2/14/14', '1302.2') to 01-gold
2023-10-02 20:44:41,671.price-producer.INFO [x] Sent ('2/14/14', '20.48') to 02-silver
2023-10-02 20:45:11,677.price-producer.INFO [x] Sent ('2/17/14', '1318.6') to 01-gold
2023-10-02 20:45:11,678.price-producer.INFO [x] Sent ('2/17/14', '21.421') to 02-silver
2023-10-02 20:45:41,681.price-producer.INFO [x] Sent ('2/18/14', '1329') to 01-gold
2023-10-02 20:45:41,682.price-producer.INFO [x] Sent ('2/18/14', '21.8') to 02-silver
2023-10-02 20:46:11,688.price-producer.INFO [x] Sent ('2/19/14', '1322') to 01-gold
2023-10-02 20:46:11,689.price-producer.INFO [x] Sent ('2/19/14', '21.955') to 02-silver
2023-10-02 20:46:41,696.price-producer.INFO [x] Sent ('2/20/14', '1322.4') to 01-gold
2023-10-02 20:46:41,696.price-producer.INFO [x] Sent ('2/20/14', '21.555') to 02-silver
2023-10-02 20:47:11,703.price-producer.INFO [x] Sent ('2/21/14', '1323') to 01-gold
2023-10-02 20:47:11,704.price-producer.INFO [x] Sent ('2/21/14', '21.84') to 02-silver
2023-10-02 20:47:41,710.price-producer.INFO [x] Sent ('2/24/14', '1336') to 01-gold
2023-10-02 20:47:41,710.price-producer.INFO [x] Sent ('2/24/14', '21.88') to 02-silver
2023-10-02 20:48:11,716.price-producer.INFO [x] Sent ('2/25/14', '1336.4') to 01-gold
2023-10-02 20:48:11,717.price-producer.INFO [x] Sent ('2/25/14', '21.95') to 02-silver
2023-10-02 20:48:41,729.price-producer.INFO [x] Sent ('2/26/14', '1341.3') to 01-gold
2023-10-02 20:48:41,731.price-producer.INFO [x] Sent ('2/26/14', '21.905') to 02-silver
2023-10-02 20:49:11,736.price-producer.INFO [x] Sent ('2/27/14', '1329.5') to 01-gold
2023-10-02 20:49:11,736.price-producer.INFO [x] Sent ('2/27/14', '21.275') to 02-silver
2023-10-02 20:49:41,746.price-producer.INFO [x] Sent ('2/28/14', '1331.3') to 01-gold
2023-10-02 20:49:41,747.price-producer.INFO [x] Sent ('2/28/14', '21.295') to 02-silver
2023-10-02 20:50:11,754.price-producer.INFO [x] Sent ('3/3/14', '1332.4') to 01-gold
2023-10-02 20:50:11,754.price-producer.INFO [x] Sent ('3/3/14', '21.325') to 02-silver
2023-10-02 20:50:41,766.price-producer.INFO [x] Sent ('3/4/14', '1350') to 01-gold
2023-10-02 20:50:41,767.price-producer.INFO [x] Sent ('3/4/14', '21.45') to 02-silver
2023-10-02 20:51:11,770.price-producer.INFO [x] Sent ('3/5/14', '1334.8') to 01-gold
2023-10-02 20:51:11,771.price-producer.INFO [x] Sent ('3/5/14', '21.21') to 02-silver
2023-10-02 20:51:41,782.price-producer.INFO [x] Sent ('3/6/14', '1337') to 01-gold
2023-10-02 20:51:41,782.price-producer.INFO [x] Sent ('3/6/14', '21.2') to 02-silver
2023-10-02 20:52:11,794.price-producer.INFO [x] Sent ('3/7/14', '1350.7') to 01-gold
2023-10-02 20:52:11,795.price-producer.INFO [x] Sent ('3/7/14', '21.49') to 02-silver
2023-10-02 20:52:41,805.price-producer.INFO [x] Sent ('3/10/14', '1340.8') to 01-gold
2023-10-02 20:52:41,806.price-producer.INFO [x] Sent ('3/10/14', '20.93') to 02-silver
2023-10-02 20:53:11,812.price-producer.INFO [x] Sent ('3/11/14', '1339.5') to 01-gold
2023-10-02 20:53:11,813.price-producer.INFO [x] Sent ('3/11/14', '20.85') to 02-silver
2023-10-02 20:53:41,815.price-producer.INFO [x] Sent ('3/12/14', '1348.8') to 01-gold
2023-10-02 20:53:41,816.price-producer.INFO [x] Sent ('3/12/14', '20.86') to 02-silver
2023-10-02 20:54:11,828.price-producer.INFO [x] Sent ('3/13/14', '1367.8') to 01-gold
2023-10-02 20:54:11,829.price-producer.INFO [x] Sent ('3/13/14', '21.33') to 02-silver
2023-10-02 20:54:41,836.price-producer.INFO [x] Sent ('3/14/14', '1370.9') to 01-gold
2023-10-02 20:54:41,836.price-producer.INFO [x] Sent ('3/14/14', '21.2') to 02-silver
2023-10-02 20:55:11,848.price-producer.INFO [x] Sent ('3/17/14', '1383.1') to 01-gold
2023-10-02 20:55:11,848.price-producer.INFO [x] Sent ('3/17/14', '21.49') to 02-silver
2023-10-02 20:55:41,860.price-producer.INFO [x] Sent ('3/18/14', '1356.6') to 01-gold
2023-10-02 20:55:41,861.price-producer.INFO [x] Sent ('3/18/14', '21.19') to 02-silver
2023-10-02 20:56:11,868.price-producer.INFO [x] Sent ('3/19/14', '1331.2') to 01-gold
2023-10-02 20:56:11,870.price-producer.INFO [x] Sent ('3/19/14', '20.835') to 02-silver
2023-10-02 20:56:41,881.price-producer.INFO [x] Sent ('3/20/14', '1331.7') to 01-gold
2023-10-02 20:56:41,882.price-producer.INFO [x] Sent ('3/20/14', '20.615') to 02-silver
2023-10-02 20:57:11,893.price-producer.INFO [x] Sent ('3/21/14', '1330.2') to 01-gold
2023-10-02 20:57:11,893.price-producer.INFO [x] Sent ('3/21/14', '20.32') to 02-silver
2023-10-02 20:57:41,905.price-producer.INFO [x] Sent ('3/24/14', '1310.3') to 01-gold
2023-10-02 20:57:41,906.price-producer.INFO [x] Sent ('3/24/14', '19.97') to 02-silver
2023-10-02 20:58:11,909.price-producer.INFO [x] Sent ('3/25/14', '1309.2') to 01-gold
2023-10-02 20:58:11,911.price-producer.INFO [x] Sent ('3/25/14', '19.95') to 02-silver
2023-10-02 20:58:41,917.price-producer.INFO [x] Sent ('3/26/14', '1312') to 01-gold
2023-10-02 20:58:41,918.price-producer.INFO [x] Sent ('3/26/14', '20.03') to 02-silver
2023-10-02 20:59:11,924.price-producer.INFO [x] Sent ('3/27/14', '1305.2') to 01-gold
2023-10-02 20:59:11,925.price-producer.INFO [x] Sent ('3/27/14', '19.755') to 02-silver
2023-10-02 20:59:41,932.price-producer.INFO [x] Sent ('3/28/14', '1292.3') to 01-gold
2023-10-02 20:59:41,932.price-producer.INFO [x] Sent ('3/28/14', '19.725') to 02-silver
2023-10-02 21:00:11,936.price-producer.INFO [x] Sent ('3/31/14', '1295') to 01-gold
2023-10-02 21:00:11,937.price-producer.INFO [x] Sent ('3/31/14', '19.855') to 02-silver
2023-10-02 21:00:41,943.price-producer.INFO [x] Sent ('4/1/14', '1284.6') to 01-gold
2023-10-02 21:00:41,944.price-producer.INFO [x] Sent ('4/1/14', '19.775') to 02-silver
2023-10-02 21:01:11,941.price-producer.INFO [x] Sent ('4/2/14', '1279.6') to 01-gold
2023-10-02 21:01:11,941.price-producer.INFO [x] Sent ('4/2/14', '19.75') to 02-silver
2023-10-02 21:01:41,944.price-producer.INFO [x] Sent ('4/3/14', '1290.4') to 01-gold
2023-10-02 21:01:41,945.price-producer.INFO [x] Sent ('4/3/14', '19.995') to 02-silver
2023-10-02 21:02:11,951.price-producer.INFO [x] Sent ('4/4/14', '1286.6') to 01-gold
2023-10-02 21:02:11,952.price-producer.INFO [x] Sent ('4/4/14', '19.835') to 02-silver
2023-10-02 21:02:41,955.price-producer.INFO [x] Sent ('4/7/14', '1304') to 01-gold
2023-10-02 21:02:41,956.price-producer.INFO [x] Sent ('4/7/14', '19.995') to 02-silver
2023-10-02 21:03:11,963.price-producer.INFO [x] Sent ('4/8/14', '1296.8') to 01-gold
2023-10-02 21:03:11,963.price-producer.INFO [x] Sent ('4/8/14', '19.87') to 02-silver
2023-10-02 21:03:41,967.price-producer.INFO [x] Sent ('4/9/14', '1308.5') to 01-gold
2023-10-02 21:03:41,967.price-producer.INFO [x] Sent ('4/9/14', '20.04') to 02-silver
2023-10-02 21:04:11,971.price-producer.INFO [x] Sent ('4/10/14', '1311.9') to 01-gold
2023-10-02 21:04:11,972.price-producer.INFO [x] Sent ('4/10/14', '19.86') to 02-silver
2023-10-02 21:04:41,978.price-producer.INFO [x] Sent ('4/11/14', '1318.1') to 01-gold
2023-10-02 21:04:41,979.price-producer.INFO [x] Sent ('4/11/14', '20.03') to 02-silver
2023-10-02 21:05:11,990.price-producer.INFO [x] Sent ('4/14/14', '1321') to 01-gold
2023-10-02 21:05:11,990.price-producer.INFO [x] Sent ('4/14/14', '20.035') to 02-silver
2023-10-02 21:05:42,000.price-producer.INFO [x] Sent ('4/15/14', '1290.5') to 01-gold
2023-10-02 21:05:42,001.price-producer.INFO [x] Sent ('4/15/14', '20.01') to 02-silver
2023-10-02 21:06:12,004.price-producer.INFO [x] Sent ('4/16/14', '1303.2') to 01-gold
2023-10-02 21:06:12,006.price-producer.INFO [x] Sent ('4/16/14', '19.555') to 02-silver
2023-10-02 21:06:42,018.price-producer.INFO [x] Sent ('4/17/14', '1302.1') to 01-gold
2023-10-02 21:06:42,018.price-producer.INFO [x] Sent ('4/17/14', '19.7') to 02-silver
2023-10-02 21:07:12,030.price-producer.INFO [x] Sent ('4/18/14', '1293.9') to 01-gold
2023-10-02 21:07:12,030.price-producer.INFO [x] Sent ('4/18/14', '19.596') to 02-silver
2023-10-02 21:07:42,042.price-producer.INFO [x] Sent ('4/21/14', '1294.9') to 01-gold
2023-10-02 21:07:42,043.price-producer.INFO [x] Sent ('4/21/14', '19.6') to 02-silver
2023-10-02 21:08:12,055.price-producer.INFO [x] Sent ('4/22/14', '1290.3') to 01-gold
2023-10-02 21:08:12,056.price-producer.INFO [x] Sent ('4/22/14', '19.415') to 02-silver
2023-10-02 21:08:42,059.price-producer.INFO [x] Sent ('4/23/14', '1284') to 01-gold
2023-10-02 21:08:42,059.price-producer.INFO [x] Sent ('4/23/14', '19.43') to 02-silver
2023-10-02 21:09:12,066.price-producer.INFO [x] Sent ('4/24/14', '1283.9') to 01-gold
2023-10-02 21:09:12,066.price-producer.INFO [x] Sent ('4/24/14', '19.47') to 02-silver
2023-10-02 21:09:42,073.price-producer.INFO [x] Sent ('4/25/14', '1293.8') to 01-gold
2023-10-02 21:09:42,073.price-producer.INFO [x] Sent ('4/25/14', '19.695') to 02-silver
2023-10-02 21:10:12,076.price-producer.INFO [x] Sent ('4/28/14', '1303.2') to 01-gold
2023-10-02 21:10:12,077.price-producer.INFO [x] Sent ('4/28/14', '19.77') to 02-silver
2023-10-02 21:10:42,082.price-producer.INFO [x] Sent ('4/29/14', '1296') to 01-gold
2023-10-02 21:10:42,082.price-producer.INFO [x] Sent ('4/29/14', '19.6') to 02-silver
2023-10-02 21:11:12,089.price-producer.INFO [x] Sent ('4/30/14', '1295.6') to 01-gold
2023-10-02 21:11:12,089.price-producer.INFO [x] Sent ('4/30/14', '19.485') to 02-silver
2023-10-02 21:11:42,092.price-producer.INFO [x] Sent ('5/1/14', '1291.9') to 01-gold
2023-10-02 21:11:42,092.price-producer.INFO [x] Sent ('5/1/14', '18.8') to 02-silver
2023-10-02 21:12:12,099.price-producer.INFO [x] Sent ('5/2/14', '1284.7') to 01-gold
2023-10-02 21:12:12,100.price-producer.INFO [x] Sent ('5/2/14', '19.045') to 02-silver
2023-10-02 21:12:42,106.price-producer.INFO [x] Sent ('5/5/14', '1300.9') to 01-gold
2023-10-02 21:12:42,107.price-producer.INFO [x] Sent ('5/5/14', '19.545') to 02-silver
2023-10-02 21:13:12,113.price-producer.INFO [x] Sent ('5/6/14', '1309.7') to 01-gold
2023-10-02 21:13:12,114.price-producer.INFO [x] Sent ('5/6/14', '19.625') to 02-silver
2023-10-02 21:13:42,121.price-producer.INFO [x] Sent ('5/7/14', '1307.9') to 01-gold
2023-10-02 21:13:42,122.price-producer.INFO [x] Sent ('5/7/14', '19.605') to 02-silver
2023-10-02 21:14:12,133.price-producer.INFO [x] Sent ('5/8/14', '1289.8') to 01-gold
2023-10-02 21:14:12,134.price-producer.INFO [x] Sent ('5/8/14', '19.32') to 02-silver
2023-10-02 21:14:42,145.price-producer.INFO [x] Sent ('5/9/14', '1289.6') to 01-gold
2023-10-02 21:14:42,146.price-producer.INFO [x] Sent ('5/9/14', '19.19') to 02-silver
2023-10-02 21:15:12,156.price-producer.INFO [x] Sent ('5/12/14', '1289.8') to 01-gold
2023-10-02 21:15:12,157.price-producer.INFO [x] Sent ('5/12/14', '19.155') to 02-silver
2023-10-02 21:15:42,167.price-producer.INFO [x] Sent ('5/13/14', '1296') to 01-gold
2023-10-02 21:15:42,167.price-producer.INFO [x] Sent ('5/13/14', '19.53') to 02-silver
2023-10-02 21:16:12,175.price-producer.INFO [x] Sent ('5/14/14', '1293.9') to 01-gold
2023-10-02 21:16:12,176.price-producer.INFO [x] Sent ('5/14/14', '19.55') to 02-silver
2023-10-02 21:16:42,179.price-producer.INFO [x] Sent ('5/15/14', '1305.5') to 01-gold
2023-10-02 21:16:42,179.price-producer.INFO [x] Sent ('5/15/14', '19.79') to 02-silver
2023-10-02 21:17:12,191.price-producer.INFO [x] Sent ('5/16/14', '1296.4') to 01-gold
2023-10-02 21:17:12,192.price-producer.INFO [x] Sent ('5/16/14', '19.5') to 02-silver
2023-10-02 21:17:42,197.price-producer.INFO [x] Sent ('5/19/14', '1293') to 01-gold
2023-10-02 21:17:42,198.price-producer.INFO [x] Sent ('5/19/14', '19.37') to 02-silver
2023-10-02 21:18:12,209.price-producer.INFO [x] Sent ('5/20/14', '1293') to 01-gold
2023-10-02 21:18:12,210.price-producer.INFO [x] Sent ('5/20/14', '19.345') to 02-silver
2023-10-02 21:18:42,221.price-producer.INFO [x] Sent ('5/21/14', '1294.4') to 01-gold
2023-10-02 21:18:42,222.price-producer.INFO [x] Sent ('5/21/14', '19.4') to 02-silver
2023-10-02 21:19:12,230.price-producer.INFO [x] Sent ('5/22/14', '1292.1') to 01-gold
2023-10-02 21:19:12,231.price-producer.INFO [x] Sent ('5/22/14', '19.405') to 02-silver
2023-10-02 21:19:42,243.price-producer.INFO [x] Sent ('5/23/14', '1294.4') to 01-gold
2023-10-02 21:19:42,243.price-producer.INFO [x] Sent ('5/23/14', '19.49') to 02-silver
2023-10-02 21:20:12,255.price-producer.INFO [x] Sent ('5/26/14', '1291.9') to 01-gold
2023-10-02 21:20:12,255.price-producer.INFO [x] Sent ('5/26/14', '19.418') to 02-silver
2023-10-02 21:20:42,265.price-producer.INFO [x] Sent ('5/27/14', '1293.5') to 01-gold
2023-10-02 21:20:42,266.price-producer.INFO [x] Sent ('5/27/14', '19.445') to 02-silver
2023-10-02 21:21:12,275.price-producer.INFO [x] Sent ('5/28/14', '1264') to 01-gold
2023-10-02 21:21:12,275.price-producer.INFO [x] Sent ('5/28/14', '19.07') to 02-silver
2023-10-02 21:21:42,287.price-producer.INFO [x] Sent ('5/29/14', '1259.2') to 01-gold
2023-10-02 21:21:42,287.price-producer.INFO [x] Sent ('5/29/14', '19.035') to 02-silver
2023-10-02 21:22:12,299.price-producer.INFO [x] Sent ('5/30/14', '1255.9') to 01-gold
2023-10-02 21:22:12,300.price-producer.INFO [x] Sent ('5/30/14', '19.035') to 02-silver
2023-10-02 21:22:42,306.price-producer.INFO [x] Sent ('6/2/14', '1250.5') to 01-gold
2023-10-02 21:22:42,307.price-producer.INFO [x] Sent ('6/2/14', '18.795') to 02-silver
2023-10-02 21:23:12,313.price-producer.INFO [x] Sent ('6/3/14', '1244.1') to 01-gold
2023-10-02 21:23:12,314.price-producer.INFO [x] Sent ('6/3/14', '18.755') to 02-silver
2023-10-02 21:23:42,321.price-producer.INFO [x] Sent ('6/4/14', '1244.9') to 01-gold
2023-10-02 21:23:42,321.price-producer.INFO [x] Sent ('6/4/14', '18.78') to 02-silver
2023-10-02 21:24:12,328.price-producer.INFO [x] Sent ('6/5/14', '1244.3') to 01-gold
2023-10-02 21:24:12,328.price-producer.INFO [x] Sent ('6/5/14', '18.8') to 02-silver
2023-10-02 21:24:42,335.price-producer.INFO [x] Sent ('6/6/14', '1253.7') to 01-gold
2023-10-02 21:24:42,335.price-producer.INFO [x] Sent ('6/6/14', '19.04') to 02-silver
2023-10-02 21:25:12,340.price-producer.INFO [x] Sent ('6/9/14', '1253') to 01-gold
2023-10-02 21:25:12,341.price-producer.INFO [x] Sent ('6/9/14', '19.02') to 02-silver
2023-10-02 21:25:42,346.price-producer.INFO [x] Sent ('6/10/14', '1252.7') to 01-gold
2023-10-02 21:25:42,347.price-producer.INFO [x] Sent ('6/10/14', '19.055') to 02-silver
2023-10-02 21:26:12,353.price-producer.INFO [x] Sent ('6/11/14', '1260.3') to 01-gold
2023-10-02 21:26:12,354.price-producer.INFO [x] Sent ('6/11/14', '19.185') to 02-silver
2023-10-02 21:26:42,360.price-producer.INFO [x] Sent ('6/12/14', '1261.1') to 01-gold
2023-10-02 21:26:42,361.price-producer.INFO [x] Sent ('6/12/14', '19.19') to 02-silver
2023-10-02 21:27:12,367.price-producer.INFO [x] Sent ('6/13/14', '1273.4') to 01-gold
2023-10-02 21:27:12,369.price-producer.INFO [x] Sent ('6/13/14', '19.525') to 02-silver
2023-10-02 21:27:42,380.price-producer.INFO [x] Sent ('6/16/14', '1276.8') to 01-gold
2023-10-02 21:27:42,381.price-producer.INFO [x] Sent ('6/16/14', '19.67') to 02-silver
2023-10-02 21:28:12,390.price-producer.INFO [x] Sent ('6/17/14', '1271.8') to 01-gold
2023-10-02 21:28:12,392.price-producer.INFO [x] Sent ('6/17/14', '19.665') to 02-silver
2023-10-02 21:28:42,394.price-producer.INFO [x] Sent ('6/18/14', '1272.1') to 01-gold
2023-10-02 21:28:42,395.price-producer.INFO [x] Sent ('6/18/14', '19.74') to 02-silver
2023-10-02 21:29:12,407.price-producer.INFO [x] Sent ('6/19/14', '1278.2') to 01-gold
2023-10-02 21:29:12,408.price-producer.INFO [x] Sent ('6/19/14', '19.895') to 02-silver
2023-10-02 21:29:42,420.price-producer.INFO [x] Sent ('6/20/14', '1320.3') to 01-gold
2023-10-02 21:29:42,421.price-producer.INFO [x] Sent ('6/20/14', '20.77') to 02-silver
2023-10-02 21:30:12,432.price-producer.INFO [x] Sent ('6/23/14', '1314.9') to 01-gold
2023-10-02 21:30:12,433.price-producer.INFO [x] Sent ('6/23/14', '20.89') to 02-silver
2023-10-02 21:30:42,444.price-producer.INFO [x] Sent ('6/24/14', '1318.1') to 01-gold
2023-10-02 21:30:42,445.price-producer.INFO [x] Sent ('6/24/14', '20.925') to 02-silver
2023-10-02 21:31:12,457.price-producer.INFO [x] Sent ('6/25/14', '1318.9') to 01-gold
2023-10-02 21:31:12,457.price-producer.INFO [x] Sent ('6/25/14', '20.945') to 02-silver
2023-10-02 21:31:42,466.price-producer.INFO [x] Sent ('6/26/14', '1318.7') to 01-gold
2023-10-02 21:31:42,467.price-producer.INFO [x] Sent ('6/26/14', '21.055') to 02-silver
2023-10-02 21:32:12,468.price-producer.INFO [x] Sent ('6/27/14', '1317.1') to 01-gold
2023-10-02 21:32:12,469.price-producer.INFO [x] Sent ('6/27/14', '21.155') to 02-silver
2023-10-02 21:32:42,474.price-producer.INFO [x] Sent ('6/30/14', '1316.8') to 01-gold
2023-10-02 21:32:42,474.price-producer.INFO [x] Sent ('6/30/14', '21.06') to 02-silver
2023-10-02 21:33:12,479.price-producer.INFO [x] Sent ('7/1/14', '1327.5') to 01-gold
2023-10-02 21:33:12,479.price-producer.INFO [x] Sent ('7/1/14', '21.07') to 02-silver
2023-10-02 21:33:42,485.price-producer.INFO [x] Sent ('7/2/14', '1327.1') to 01-gold
2023-10-02 21:33:42,486.price-producer.INFO [x] Sent ('7/2/14', '21.085') to 02-silver
2023-10-02 21:34:12,492.price-producer.INFO [x] Sent ('7/3/14', '1321.1') to 01-gold
2023-10-02 21:34:12,493.price-producer.INFO [x] Sent ('7/3/14', '21.18') to 02-silver
2023-10-02 21:34:42,499.price-producer.INFO [x] Sent ('7/4/14', '1320.6') to 01-gold
2023-10-02 21:34:42,500.price-producer.INFO [x] Sent ('7/4/14', '21.137') to 02-silver
2023-10-02 21:35:12,504.price-producer.INFO [x] Sent ('7/7/14', '1321.4') to 01-gold
2023-10-02 21:35:12,505.price-producer.INFO [x] Sent ('7/7/14', '21.2') to 02-silver
2023-10-02 21:35:42,508.price-producer.INFO [x] Sent ('7/8/14', '1320.8') to 01-gold
2023-10-02 21:35:42,508.price-producer.INFO [x] Sent ('7/8/14', '21.1') to 02-silver
2023-10-02 21:36:12,515.price-producer.INFO [x] Sent ('7/9/14', '1320.4') to 01-gold
2023-10-02 21:36:12,515.price-producer.INFO [x] Sent ('7/9/14', '21.085') to 02-silver
2023-10-02 21:36:42,522.price-producer.INFO [x] Sent ('7/10/14', '1325') to 01-gold
2023-10-02 21:36:42,523.price-producer.INFO [x] Sent ('7/10/14', '21.12') to 02-silver
2023-10-02 21:37:12,529.price-producer.INFO [x] Sent ('7/11/14', '1336.5') to 01-gold
2023-10-02 21:37:12,530.price-producer.INFO [x] Sent ('7/11/14', '21.465') to 02-silver
2023-10-02 21:37:42,536.price-producer.INFO [x] Sent ('7/14/14', '1339.5') to 01-gold
2023-10-02 21:37:42,537.price-producer.INFO [x] Sent ('7/14/14', '21.485') to 02-silver
2023-10-02 21:38:12,543.price-producer.INFO [x] Sent ('7/15/14', '1309.1') to 01-gold
2023-10-02 21:38:12,544.price-producer.INFO [x] Sent ('7/15/14', '20.975') to 02-silver
2023-10-02 21:38:42,550.price-producer.INFO [x] Sent ('7/16/14', '1295.2') to 01-gold
2023-10-02 21:38:42,550.price-producer.INFO [x] Sent ('7/16/14', '20.75') to 02-silver
2023-10-02 21:39:12,562.price-producer.INFO [x] Sent ('7/17/14', '1300.3') to 01-gold
2023-10-02 21:39:12,562.price-producer.INFO [x] Sent ('7/17/14', '20.815') to 02-silver
2023-10-02 21:39:42,574.price-producer.INFO [x] Sent ('7/18/14', '1319.1') to 01-gold
2023-10-02 21:39:42,574.price-producer.INFO [x] Sent ('7/18/14', '21.205') to 02-silver
2023-10-02 21:40:12,582.price-producer.INFO [x] Sent ('7/21/14', '1312.2') to 01-gold
2023-10-02 21:40:12,582.price-producer.INFO [x] Sent ('7/21/14', '20.93') to 02-silver
2023-10-02 21:40:42,587.price-producer.INFO [x] Sent ('7/22/14', '1314.8') to 01-gold
2023-10-02 21:40:42,587.price-producer.INFO [x] Sent ('7/22/14', '20.97') to 02-silver
2023-10-02 21:41:12,597.price-producer.INFO [x] Sent ('7/23/14', '1309.2') to 01-gold
2023-10-02 21:41:12,599.price-producer.INFO [x] Sent ('7/23/14', '21.025') to 02-silver
2023-10-02 21:41:42,611.price-producer.INFO [x] Sent ('7/24/14', '1306.7') to 01-gold
2023-10-02 21:41:42,611.price-producer.INFO [x] Sent ('7/24/14', '20.96') to 02-silver
2023-10-02 21:42:12,623.price-producer.INFO [x] Sent ('7/25/14', '1296') to 01-gold
2023-10-02 21:42:12,624.price-producer.INFO [x] Sent ('7/25/14', '20.42') to 02-silver
2023-10-02 21:42:42,630.price-producer.INFO [x] Sent ('7/28/14', '1309.2') to 01-gold
2023-10-02 21:42:42,630.price-producer.INFO [x] Sent ('7/28/14', '20.715') to 02-silver
2023-10-02 21:43:12,639.price-producer.INFO [x] Sent ('7/29/14', '1306.7') to 01-gold
2023-10-02 21:43:12,640.price-producer.INFO [x] Sent ('7/29/14', '20.63') to 02-silver
2023-10-02 21:43:42,645.price-producer.INFO [x] Sent ('7/30/14', '1300.5') to 01-gold
2023-10-02 21:43:42,646.price-producer.INFO [x] Sent ('7/30/14', '20.6') to 02-silver
2023-10-02 21:44:12,649.price-producer.INFO [x] Sent ('7/31/14', '1297') to 01-gold
2023-10-02 21:44:12,649.price-producer.INFO [x] Sent ('7/31/14', '20.41') to 02-silver
2023-10-02 21:44:42,661.price-producer.INFO [x] Sent ('8/1/14', '1284.2') to 01-gold
2023-10-02 21:44:42,662.price-producer.INFO [x] Sent ('8/1/14', '20.4') to 02-silver
2023-10-02 21:45:12,672.price-producer.INFO [x] Sent ('8/4/14', '1295.4') to 01-gold
2023-10-02 21:45:12,672.price-producer.INFO [x] Sent ('8/4/14', '20.335') to 02-silver
2023-10-02 21:45:42,679.price-producer.INFO [x] Sent ('8/5/14', '1289.2') to 01-gold
2023-10-02 21:45:42,679.price-producer.INFO [x] Sent ('8/5/14', '20.18') to 02-silver
2023-10-02 21:46:12,684.price-producer.INFO [x] Sent ('8/6/14', '1288.9') to 01-gold
2023-10-02 21:46:12,684.price-producer.INFO [x] Sent ('8/6/14', '19.785') to 02-silver
2023-10-02 21:46:42,689.price-producer.INFO [x] Sent ('8/7/14', '1306.6') to 01-gold
2023-10-02 21:46:42,690.price-producer.INFO [x] Sent ('8/7/14', '20.05') to 02-silver
2023-10-02 21:47:12,695.price-producer.INFO [x] Sent ('8/8/14', '1314.5') to 01-gold
2023-10-02 21:47:12,695.price-producer.INFO [x] Sent ('8/8/14', '19.995') to 02-silver
2023-10-02 21:47:42,702.price-producer.INFO [x] Sent ('8/11/14', '1310.4') to 01-gold
2023-10-02 21:47:42,703.price-producer.INFO [x] Sent ('8/11/14', '19.92') to 02-silver
2023-10-02 21:48:12,706.price-producer.INFO [x] Sent ('8/12/14', '1309.2') to 01-gold
2023-10-02 21:48:12,706.price-producer.INFO [x] Sent ('8/12/14', '20.015') to 02-silver
2023-10-02 21:48:42,711.price-producer.INFO [x] Sent ('8/13/14', '1309.6') to 01-gold
2023-10-02 21:48:42,712.price-producer.INFO [x] Sent ('8/13/14', '19.925') to 02-silver
2023-10-02 21:49:12,718.price-producer.INFO [x] Sent ('8/14/14', '1313.4') to 01-gold
2023-10-02 21:49:12,719.price-producer.INFO [x] Sent ('8/14/14', '19.82') to 02-silver
2023-10-02 21:49:42,722.price-producer.INFO [x] Sent ('8/15/14', '1313.4') to 01-gold
2023-10-02 21:49:42,723.price-producer.INFO [x] Sent ('8/15/14', '19.865') to 02-silver
2023-10-02 21:50:12,727.price-producer.INFO [x] Sent ('8/18/14', '1304.2') to 01-gold
2023-10-02 21:50:12,728.price-producer.INFO [x] Sent ('8/18/14', '19.58') to 02-silver
2023-10-02 21:50:42,739.price-producer.INFO [x] Sent ('8/19/14', '1298.6') to 01-gold
2023-10-02 21:50:42,740.price-producer.INFO [x] Sent ('8/19/14', '19.595') to 02-silver
2023-10-02 21:51:12,744.price-producer.INFO [x] Sent ('8/20/14', '1297.2') to 01-gold
2023-10-02 21:51:12,745.price-producer.INFO [x] Sent ('8/20/14', '19.49') to 02-silver
2023-10-02 21:51:42,750.price-producer.INFO [x] Sent ('8/21/14', '1279.5') to 01-gold
2023-10-02 21:51:42,751.price-producer.INFO [x] Sent ('8/21/14', '19.535') to 02-silver
2023-10-02 21:52:12,762.price-producer.INFO [x] Sent ('8/22/14', '1278.2') to 01-gold
2023-10-02 21:52:12,763.price-producer.INFO [x] Sent ('8/22/14', '19.49') to 02-silver
2023-10-02 21:52:42,774.price-producer.INFO [x] Sent ('8/25/14', '1280.8') to 01-gold
2023-10-02 21:52:42,775.price-producer.INFO [x] Sent ('8/25/14', '19.485') to 02-silver
2023-10-02 21:53:12,786.price-producer.INFO [x] Sent ('8/26/14', '1277.4') to 01-gold
2023-10-02 21:53:12,786.price-producer.INFO [x] Sent ('8/26/14', '19.4') to 02-silver
2023-10-02 21:53:42,792.price-producer.INFO [x] Sent ('8/27/14', '1281.6') to 01-gold
2023-10-02 21:53:42,793.price-producer.INFO [x] Sent ('8/27/14', '19.39') to 02-silver
2023-10-02 21:54:12,797.price-producer.INFO [x] Sent ('8/28/14', '1283.7') to 01-gold
2023-10-02 21:54:12,797.price-producer.INFO [x] Sent ('8/28/14', '19.48') to 02-silver
2023-10-02 21:54:42,809.price-producer.INFO [x] Sent ('8/29/14', '1290.4') to 01-gold
2023-10-02 21:54:42,809.price-producer.INFO [x] Sent ('8/29/14', '19.54') to 02-silver
2023-10-02 21:55:12,805.price-producer.INFO [x] Sent ('9/1/14', '1287.4') to 01-gold
2023-10-02 21:55:12,805.price-producer.INFO [x] Sent ('9/1/14', '19.492') to 02-silver
2023-10-02 21:55:42,793.price-producer.INFO [x] Sent ('9/2/14', '1288.4') to 01-gold
2023-10-02 21:55:42,794.price-producer.INFO [x] Sent ('9/2/14', '19.505') to 02-silver
2023-10-02 21:56:12,803.price-producer.INFO [x] Sent ('9/3/14', '1266.7') to 01-gold
2023-10-02 21:56:12,803.price-producer.INFO [x] Sent ('9/3/14', '19.21') to 02-silver
2023-10-02 21:56:42,814.price-producer.INFO [x] Sent ('9/4/14', '1269.8') to 01-gold
2023-10-02 21:56:42,815.price-producer.INFO [x] Sent ('9/4/14', '19.065') to 02-silver
2023-10-02 21:57:12,823.price-producer.INFO [x] Sent ('9/5/14', '1261.7') to 01-gold
2023-10-02 21:57:12,824.price-producer.INFO [x] Sent ('9/5/14', '19.065') to 02-silver
2023-10-02 21:57:42,835.price-producer.INFO [x] Sent ('9/8/14', '1269.5') to 01-gold
2023-10-02 21:57:42,836.price-producer.INFO [x] Sent ('9/8/14', '19.19') to 02-silver
2023-10-02 21:58:12,847.price-producer.INFO [x] Sent ('9/9/14', '1257.1') to 01-gold
2023-10-02 21:58:12,847.price-producer.INFO [x] Sent ('9/9/14', '19.055') to 02-silver
2023-10-02 21:58:42,854.price-producer.INFO [x] Sent ('9/10/14', '1256.2') to 01-gold
2023-10-02 21:58:42,855.price-producer.INFO [x] Sent ('9/10/14', '19.08') to 02-silver
2023-10-02 21:59:12,860.price-producer.INFO [x] Sent ('9/11/14', '1249.8') to 01-gold
2023-10-02 21:59:12,861.price-producer.INFO [x] Sent ('9/11/14', '18.96') to 02-silver
2023-10-02 21:59:42,868.price-producer.INFO [x] Sent ('9/12/14', '1240.9') to 01-gold
2023-10-02 21:59:42,869.price-producer.INFO [x] Sent ('9/12/14', '18.685') to 02-silver
2023-10-02 22:00:12,875.price-producer.INFO [x] Sent ('9/15/14', '1228.3') to 01-gold
2023-10-02 22:00:12,876.price-producer.INFO [x] Sent ('9/15/14', '18.61') to 02-silver
2023-10-02 22:00:42,881.price-producer.INFO [x] Sent ('9/16/14', '1233.2') to 01-gold
2023-10-02 22:00:42,881.price-producer.INFO [x] Sent ('9/16/14', '18.645') to 02-silver
2023-10-02 22:01:12,888.price-producer.INFO [x] Sent ('9/17/14', '1235.3') to 01-gold
2023-10-02 22:01:12,888.price-producer.INFO [x] Sent ('9/17/14', '18.695') to 02-silver
2023-10-02 22:01:42,892.price-producer.INFO [x] Sent ('9/18/14', '1223.1') to 01-gold
2023-10-02 22:01:42,893.price-producer.INFO [x] Sent ('9/18/14', '18.51') to 02-silver
2023-10-02 22:02:12,897.price-producer.INFO [x] Sent ('9/19/14', '1225.6') to 01-gold
2023-10-02 22:02:12,898.price-producer.INFO [x] Sent ('9/19/14', '18.525') to 02-silver
2023-10-02 22:02:42,904.price-producer.INFO [x] Sent ('9/22/14', '1216.4') to 01-gold
2023-10-02 22:02:42,905.price-producer.INFO [x] Sent ('9/22/14', '17.855') to 02-silver
2023-10-02 22:03:12,911.price-producer.INFO [x] Sent ('9/23/14', '1214.9') to 01-gold
2023-10-02 22:03:12,912.price-producer.INFO [x] Sent ('9/23/14', '17.725') to 02-silver
2023-10-02 22:03:42,917.price-producer.INFO [x] Sent ('9/24/14', '1223.2') to 01-gold
2023-10-02 22:03:42,918.price-producer.INFO [x] Sent ('9/24/14', '17.765') to 02-silver
2023-10-02 22:04:12,922.price-producer.INFO [x] Sent ('9/25/14', '1217.3') to 01-gold
2023-10-02 22:04:12,924.price-producer.INFO [x] Sent ('9/25/14', '17.675') to 02-silver
2023-10-02 22:04:42,930.price-producer.INFO [x] Sent ('9/26/14', '1222.1') to 01-gold
2023-10-02 22:04:42,932.price-producer.INFO [x] Sent ('9/26/14', '17.5') to 02-silver
2023-10-02 22:05:12,934.price-producer.INFO [x] Sent ('9/29/14', '1219.1') to 01-gold
2023-10-02 22:05:12,935.price-producer.INFO [x] Sent ('9/29/14', '17.575') to 02-silver
2023-10-02 22:05:42,944.price-producer.INFO [x] Sent ('9/30/14', '1215.7') to 01-gold
2023-10-02 22:05:42,945.price-producer.INFO [x] Sent ('9/30/14', '17.46') to 02-silver
2023-10-02 22:06:12,947.price-producer.INFO [x] Sent ('10/1/14', '1209.4') to 01-gold
2023-10-02 22:06:12,949.price-producer.INFO [x] Sent ('10/1/14', '16.975') to 02-silver
2023-10-02 22:06:42,956.price-producer.INFO [x] Sent ('10/2/14', '1213.4') to 01-gold
2023-10-02 22:06:42,957.price-producer.INFO [x] Sent ('10/2/14', '17.19') to 02-silver
2023-10-02 22:07:12,967.price-producer.INFO [x] Sent ('10/3/14', '1213.9') to 01-gold
2023-10-02 22:07:12,968.price-producer.INFO [x] Sent ('10/3/14', '17.06') to 02-silver
2023-10-02 22:07:42,979.price-producer.INFO [x] Sent ('10/6/14', '1192') to 01-gold
2023-10-02 22:07:42,979.price-producer.INFO [x] Sent ('10/6/14', '16.805') to 02-silver
2023-10-02 22:08:12,986.price-producer.INFO [x] Sent ('10/7/14', '1207.8') to 01-gold
2023-10-02 22:08:12,987.price-producer.INFO [x] Sent ('10/7/14', '17.34') to 02-silver
2023-10-02 22:08:42,990.price-producer.INFO [x] Sent ('10/8/14', '1209.8') to 01-gold
2023-10-02 22:08:42,991.price-producer.INFO [x] Sent ('10/8/14', '17.195') to 02-silver
2023-10-02 22:09:13,002.price-producer.INFO [x] Sent ('10/9/14', '1221.1') to 01-gold
2023-10-02 22:09:13,003.price-producer.INFO [x] Sent ('10/9/14', '17.37') to 02-silver
2023-10-02 22:09:43,006.price-producer.INFO [x] Sent ('10/10/14', '1224') to 01-gold
2023-10-02 22:09:43,006.price-producer.INFO [x] Sent ('10/10/14', '17.36') to 02-silver
2023-10-02 22:10:13,013.price-producer.INFO [x] Sent ('10/13/14', '1224.8') to 01-gold
2023-10-02 22:10:13,013.price-producer.INFO [x] Sent ('10/13/14', '17.36') to 02-silver
2023-10-02 22:10:43,020.price-producer.INFO [x] Sent ('10/14/14', '1237.3') to 01-gold
2023-10-02 22:10:43,020.price-producer.INFO [x] Sent ('10/14/14', '17.5') to 02-silver
2023-10-02 22:11:13,026.price-producer.INFO [x] Sent ('10/15/14', '1233.3') to 01-gold
2023-10-02 22:11:13,027.price-producer.INFO [x] Sent ('10/15/14', '17.38') to 02-silver
2023-10-02 22:11:43,033.price-producer.INFO [x] Sent ('10/16/14', '1242.2') to 01-gold
2023-10-02 22:11:43,034.price-producer.INFO [x] Sent ('10/16/14', '17.45') to 02-silver
2023-10-02 22:12:13,038.price-producer.INFO [x] Sent ('10/17/14', '1239.5') to 01-gold
2023-10-02 22:12:13,038.price-producer.INFO [x] Sent ('10/17/14', '17.37') to 02-silver
2023-10-02 22:12:43,043.price-producer.INFO [x] Sent ('10/20/14', '1239.1') to 01-gold
2023-10-02 22:12:43,043.price-producer.INFO [x] Sent ('10/20/14', '17.335') to 02-silver
2023-10-02 22:13:13,048.price-producer.INFO [x] Sent ('10/21/14', '1246.8') to 01-gold
2023-10-02 22:13:13,049.price-producer.INFO [x] Sent ('10/21/14', '17.42') to 02-silver
2023-10-02 22:13:43,055.price-producer.INFO [x] Sent ('10/22/14', '1248.9') to 01-gold
2023-10-02 22:13:43,055.price-producer.INFO [x] Sent ('10/22/14', '17.52') to 02-silver
2023-10-02 22:14:13,062.price-producer.INFO [x] Sent ('10/23/14', '1241.7') to 01-gold
2023-10-02 22:14:13,062.price-producer.INFO [x] Sent ('10/23/14', '17.175') to 02-silver
2023-10-02 22:14:43,065.price-producer.INFO [x] Sent ('10/24/14', '1233.5') to 01-gold
2023-10-02 22:14:43,066.price-producer.INFO [x] Sent ('10/24/14', '17.2') to 02-silver
2023-10-02 22:15:13,068.price-producer.INFO [x] Sent ('10/27/14', '1230.6') to 01-gold
2023-10-02 22:15:13,069.price-producer.INFO [x] Sent ('10/27/14', '17.185') to 02-silver
2023-10-02 22:15:43,075.price-producer.INFO [x] Sent ('10/28/14', '1225.8') to 01-gold
2023-10-02 22:15:43,076.price-producer.INFO [x] Sent ('10/28/14', '17.095') to 02-silver
2023-10-02 22:16:13,085.price-producer.INFO [x] Sent ('10/29/14', '1227.8') to 01-gold
2023-10-02 22:16:13,086.price-producer.INFO [x] Sent ('10/29/14', '17.2') to 02-silver
2023-10-02 22:16:43,097.price-producer.INFO [x] Sent ('10/30/14', '1211.2') to 01-gold
2023-10-02 22:16:43,097.price-producer.INFO [x] Sent ('10/30/14', '17.095') to 02-silver
2023-10-02 22:17:13,100.price-producer.INFO [x] Sent ('10/31/14', '1174.2') to 01-gold
2023-10-02 22:17:13,101.price-producer.INFO [x] Sent ('10/31/14', '16.495') to 02-silver
2023-10-02 22:17:43,107.price-producer.INFO [x] Sent ('11/3/14', '1171.1') to 01-gold
2023-10-02 22:17:43,108.price-producer.INFO [x] Sent ('11/3/14', '16.11') to 02-silver
2023-10-02 22:18:13,111.price-producer.INFO [x] Sent ('11/4/14', '1164.6') to 01-gold
2023-10-02 22:18:13,111.price-producer.INFO [x] Sent ('11/4/14', '16.115') to 02-silver
2023-10-02 22:18:43,114.price-producer.INFO [x] Sent ('11/5/14', '1168.4') to 01-gold
2023-10-02 22:18:43,115.price-producer.INFO [x] Sent ('11/5/14', '16.02') to 02-silver
2023-10-02 22:19:13,121.price-producer.INFO [x] Sent ('11/6/14', '1140.8') to 01-gold
2023-10-02 22:19:13,122.price-producer.INFO [x] Sent ('11/6/14', '15.34') to 02-silver
2023-10-02 22:19:43,124.price-producer.INFO [x] Sent ('11/7/14', '1141.2') to 01-gold
2023-10-02 22:19:43,125.price-producer.INFO [x] Sent ('11/7/14', '15.76') to 02-silver
2023-10-02 22:20:13,129.price-producer.INFO [x] Sent ('11/10/14', '1176.8') to 01-gold
2023-10-02 22:20:13,129.price-producer.INFO [x] Sent ('11/10/14', '15.8') to 02-silver
2023-10-02 22:20:43,136.price-producer.INFO [x] Sent ('11/11/14', '1151.5') to 01-gold
2023-10-02 22:20:43,137.price-producer.INFO [x] Sent ('11/11/14', '15.595') to 02-silver
2023-10-02 22:21:13,144.price-producer.INFO [x] Sent ('11/12/14', '1163') to 01-gold
2023-10-02 22:21:13,146.price-producer.INFO [x] Sent ('11/12/14', '15.685') to 02-silver
2023-10-02 22:21:43,152.price-producer.INFO [x] Sent ('11/13/14', '1161.1') to 01-gold
2023-10-02 22:21:43,152.price-producer.INFO [x] Sent ('11/13/14', '15.64') to 02-silver
2023-10-02 22:22:13,158.price-producer.INFO [x] Sent ('11/14/14', '1161.8') to 01-gold
2023-10-02 22:22:13,159.price-producer.INFO [x] Sent ('11/14/14', '15.63') to 02-silver
2023-10-02 22:22:43,165.price-producer.INFO [x] Sent ('11/17/14', '1185.5') to 01-gold
2023-10-02 22:22:43,166.price-producer.INFO [x] Sent ('11/17/14', '16.305') to 02-silver
2023-10-02 22:23:13,172.price-producer.INFO [x] Sent ('11/18/14', '1185.6') to 01-gold
2023-10-02 22:23:13,173.price-producer.INFO [x] Sent ('11/18/14', '16.13') to 02-silver
2023-10-02 22:23:43,179.price-producer.INFO [x] Sent ('11/19/14', '1196.5') to 01-gold
2023-10-02 22:23:43,180.price-producer.INFO [x] Sent ('11/19/14', '16.165') to 02-silver
2023-10-02 22:24:13,188.price-producer.INFO [x] Sent ('11/20/14', '1183.1') to 01-gold
2023-10-02 22:24:13,191.price-producer.INFO [x] Sent ('11/20/14', '16.12') to 02-silver
2023-10-02 22:24:43,197.price-producer.INFO [x] Sent ('11/21/14', '1194') to 01-gold
2023-10-02 22:24:43,199.price-producer.INFO [x] Sent ('11/21/14', '16.315') to 02-silver
2023-10-02 22:25:13,207.price-producer.INFO [x] Sent ('11/24/14', '1200.7') to 01-gold
2023-10-02 22:25:13,207.price-producer.INFO [x] Sent ('11/24/14', '16.46') to 02-silver
2023-10-02 22:25:43,214.price-producer.INFO [x] Sent ('11/25/14', '1198.2') to 01-gold
2023-10-02 22:25:43,214.price-producer.INFO [x] Sent ('11/25/14', '16.515') to 02-silver
2023-10-02 22:26:13,218.price-producer.INFO [x] Sent ('11/26/14', '1201.6') to 01-gold
2023-10-02 22:26:13,220.price-producer.INFO [x] Sent ('11/26/14', '16.54') to 02-silver
2023-10-02 22:26:43,227.price-producer.INFO [x] Sent ('11/27/14', '1197.5') to 01-gold
2023-10-02 22:26:43,227.price-producer.INFO [x] Sent ('11/27/14', '16.606') to 02-silver
2023-10-02 22:27:13,234.price-producer.INFO [x] Sent ('11/28/14', '1189.8') to 01-gold
2023-10-02 22:27:13,234.price-producer.INFO [x] Sent ('11/28/14', '16.265') to 02-silver
2023-10-02 22:27:43,240.price-producer.INFO [x] Sent ('12/1/14', '1159.4') to 01-gold
2023-10-02 22:27:43,241.price-producer.INFO [x] Sent ('12/1/14', '14.52') to 02-silver
2023-10-02 22:28:13,247.price-producer.INFO [x] Sent ('12/2/14', '1212.6') to 01-gold
2023-10-02 22:28:13,250.price-producer.INFO [x] Sent ('12/2/14', '16.495') to 02-silver
